<?xml version="1.0" encoding="UTF-8"?>
<testng-results skipped="0" failed="0" ignored="0" total="1" passed="1">
  <reporter-output>
  </reporter-output>
  <suite name="Suite-CFCM-715" duration-ms="46" started-at="2019-07-27T13:42:36Z" finished-at="2019-07-27T13:42:36Z">
    <groups>
    </groups>
    <test name="All tests run" duration-ms="46" started-at="2019-07-27T13:42:36Z" finished-at="2019-07-27T13:42:36Z">
      <class name="WriteToFileTest">
        <test-method status="PASS" signature="WriteToFileTest()[pri:0, instance:WriteToFileTest@6442b0a6]" name="WriteToFileTest" duration-ms="13" started-at="2019-07-27T13:42:36Z" finished-at="2019-07-27T13:42:36Z">
          <reporter-output>
          </reporter-output>
        </test-method> <!-- WriteToFileTest -->
      </class> <!-- WriteToFileTest -->
    </test> <!-- All tests run -->
  </suite> <!-- Suite-CFCM-715 -->
</testng-results>
